<?xml version="1.0" encoding="UTF-8"?>
<!-- Generated by org.testng.reporters.JUnitXMLReporter -->
<testsuite ignored="1" hostname="KOCWX21981" failures="1" tests="10" name="Package Test" time="0.086" errors="0" timestamp="2022-10-31T22:17:32 IST">
  <testcase classname="TestNGEx.CarLoan" name="CarLoanMobile" time="0.011"/>
  <testcase classname="TestNGEx.CarLoan" name="CarLoanUI" time="0.001"/>
  <testcase classname="TestNGEx.CarLoan" name="CarLoanAPI" time="0.003"/>
  <testcase classname="TestNGEx.DataProviderAnnotation" name="printData" time="0.001"/>
  <testcase classname="TestNGEx.DataProviderAnnotation" name="printData" time="0.0"/>
  <testcase classname="TestNGEx.DataProviderAnnotation" name="printData" time="0.001"/>
  <testcase classname="TestNGEx.DataProviderAnnotation" name="test" time="0.002"/>
  <testcase classname="TestNGEx.HomeLoan" name="HomeLoanAPI" time="0.002"/>
  <testcase classname="TestNGEx.HomeLoan" name="HomeLoanMobile" time="0.005">
    <failure type="java.lang.AssertionError" message="expected [true] but found [false]">
      <![CDATA[java.lang.AssertionError: expected [true] but found [false]
at TestNGEx.HomeLoan.HomeLoanMobile(HomeLoan.java:21)
at java.base/java.util.ArrayList.forEach(ArrayList.java:1511)
... Removed 31 stack frames]]>
    </failure>
  </testcase> <!-- HomeLoanMobile -->
  <testcase classname="TestNGEx.HomeLoan" name="HomeLoanUI" time="0.002"/>
  <testcase classname="TestNGEx.CarLoan" name="disableTest" time="0.0">
    <ignored/>
  </testcase> <!-- disableTest -->
</testsuite> <!-- Package Test -->
